2024-02-10 09:55:37 - ERROR - Error reading employee data: [Errno 2] No such file or directory: '/home/riggs/code/scheduler_v2/data/team_list.xlsx'
2024-02-10 09:55:37 - ERROR - Error reading employee data: [Errno 2] No such file or directory: '/home/riggs/code/scheduler_v2/data/team_list.xlsx'
2024-02-10 10:10:57 - INFO - Starting script execution...
2024-02-10 10:10:57 - INFO - Loading and detecting changes in employee data...
2024-02-10 10:10:57 - INFO - Backing up existing assignments...
2024-02-10 10:10:57 - INFO - Assignment data log backed up to /home/riggs/code/scheduler_v2/history/assignment_data_log_as_of_02-10-2024_10-10-57.csv
2024-02-10 10:10:57 - INFO - Deleting old backups in /home/riggs/code/scheduler_v2/history...
2024-02-10 10:10:57 - INFO - Retain maximum of 3 saved logs. Old assignment_data_log backup deleted: assignment_data_log_as_of_02-10-2024_10-08-34.csv
2024-02-10 10:10:57 - INFO - Script execution completed with changes.

2024-02-10 10:11:11 - INFO - Starting script execution...
2024-02-10 10:11:11 - INFO - Loading and detecting changes in employee data...
2024-02-10 10:11:11 - INFO - Backing up existing assignments...
2024-02-10 10:11:11 - INFO - Assignment data log backed up to /home/riggs/code/scheduler_v2/history/assignment_data_log_as_of_02-10-2024_10-11-11.csv
2024-02-10 10:11:11 - INFO - Deleting old backups in /home/riggs/code/scheduler_v2/history...
2024-02-10 10:11:11 - INFO - Retain maximum of 3 saved logs. Old assignment_data_log backup deleted: assignment_data_log_as_of_02-10-2024_10-08-47.csv
2024-02-10 10:11:11 - INFO - Script execution completed with changes.

2024-02-10 10:11:13 - INFO - Starting script execution...
2024-02-10 10:11:13 - INFO - Loading and detecting changes in employee data...
2024-02-10 10:11:13 - INFO - Backing up existing assignments...
2024-02-10 10:11:13 - INFO - Assignment data log backed up to /home/riggs/code/scheduler_v2/history/assignment_data_log_as_of_02-10-2024_10-11-13.csv
2024-02-10 10:11:13 - INFO - Deleting old backups in /home/riggs/code/scheduler_v2/history...
2024-02-10 10:11:13 - INFO - Retain maximum of 3 saved logs. Old assignment_data_log backup deleted: assignment_data_log_as_of_02-10-2024_10-08-59.csv
2024-02-10 10:11:13 - INFO - Script execution completed with changes.

2024-02-10 10:11:16 - INFO - Starting script execution...
2024-02-10 10:11:16 - INFO - Loading and detecting changes in employee data...
2024-02-10 10:11:16 - INFO - Backing up existing assignments...
2024-02-10 10:11:16 - INFO - Assignment data log backed up to /home/riggs/code/scheduler_v2/history/assignment_data_log_as_of_02-10-2024_10-11-16.csv
2024-02-10 10:11:16 - INFO - Deleting old backups in /home/riggs/code/scheduler_v2/history...
2024-02-10 10:11:16 - INFO - Retain maximum of 3 saved logs. Old assignment_data_log backup deleted: assignment_data_log_as_of_02-10-2024_10-10-57.csv
2024-02-10 10:11:16 - INFO - Script execution completed with changes.

2024-02-10 10:11:31 - INFO - Starting script execution...
2024-02-10 10:11:31 - INFO - Loading and detecting changes in employee data...
2024-02-10 10:11:31 - INFO - Backing up existing assignments...
2024-02-10 10:11:31 - INFO - Assignment data log backed up to /home/riggs/code/scheduler_v2/history/assignment_data_log_as_of_02-10-2024_10-11-31.csv
2024-02-10 10:11:31 - INFO - Deleting old backups in /home/riggs/code/scheduler_v2/history...
2024-02-10 10:11:31 - INFO - Script execution completed with changes.

